-------------------------------------------------------------------------------
Test set: br.com.bferreira.rest.UserXMLTest
-------------------------------------------------------------------------------
Tests run: 6, Failures: 0, Errors: 1, Skipped: 0, Time elapsed: 1.951 sec <<< FAILURE! - in br.com.bferreira.rest.UserXMLTest
devoFazerPesquisasAvancadasXMLeJava(br.com.bferreira.rest.UserXMLTest)  Time elapsed: 0.214 sec  <<< ERROR!
java.lang.ClassCastException: class io.restassured.internal.path.xml.NodeImpl cannot be cast to class java.lang.String (io.restassured.internal.path.xml.NodeImpl is in unnamed module of loader 'app'; java.lang.String is in module java.base of loader 'bootstrap')
	at br.com.bferreira.rest.UserXMLTest.devoFazerPesquisasAvancadasXMLeJava(UserXMLTest.java:104)

